2026-05-09 15:49:06,467 - INFO - =======================================
2026-05-09 15:49:06,467 - INFO - Starting test
2026-05-09 15:49:06,467 - INFO - Reading Configuration
2026-05-09 15:49:06,468 - INFO - Browser from config : edge
2026-05-09 15:49:06,610 - INFO - =======================================
2026-05-09 15:49:06,611 - INFO - Starting test
2026-05-09 15:49:06,611 - INFO - Reading Configuration
2026-05-09 15:49:06,611 - INFO - Browser from config : edge
2026-05-09 15:49:06,624 - INFO - =======================================
2026-05-09 15:49:06,624 - INFO - Starting test
2026-05-09 15:49:06,624 - INFO - Reading Configuration
2026-05-09 15:49:06,624 - INFO - Browser from config : edge
2026-05-09 15:49:06,639 - INFO - =======================================
2026-05-09 15:49:06,639 - INFO - Starting test
2026-05-09 15:49:06,640 - INFO - Reading Configuration
2026-05-09 15:49:06,640 - INFO - Browser from config : edge
2026-05-09 15:49:06,659 - INFO - =======================================
2026-05-09 15:49:06,659 - INFO - Starting test
2026-05-09 15:49:06,659 - INFO - Reading Configuration
2026-05-09 15:49:06,659 - INFO - Browser from config : edge
2026-05-09 15:49:06,672 - INFO - =======================================
2026-05-09 15:49:06,672 - INFO - Starting test
2026-05-09 15:49:06,672 - INFO - Reading Configuration
2026-05-09 15:49:06,672 - INFO - Browser from config : edge
2026-05-09 15:49:40,780 - INFO - =======================================
2026-05-09 15:49:40,781 - INFO - Starting test
2026-05-09 15:49:40,781 - INFO - Reading Configuration
2026-05-09 15:49:40,781 - INFO - Browser from config : edge
2026-05-09 15:49:40,781 - INFO - Browser From Config : https://www.saucedemo.com/
2026-05-09 15:49:40,781 - INFO - headless : false
2026-05-09 15:49:42,626 - INFO - Open Browser: edge
2026-05-09 15:49:42,937 - INFO - URL Loaded : https://www.saucedemo.com/
2026-05-09 15:49:42,938 - INFO - Login Page opened
2026-05-09 15:49:42,938 - INFO - Trying to ligin with data : standard_user, secret_sauce
2026-05-09 15:49:42,939 - INFO - Trying to login with standard_user , secret_sauce
2026-05-09 15:49:42,939 - INFO - typing the element:('id', 'user-name')
2026-05-09 15:49:42,939 - INFO - Locating the element:('id', 'user-name')
2026-05-09 15:49:43,688 - INFO - typing the element:('id', 'password')
2026-05-09 15:49:43,688 - INFO - Locating the element:('id', 'password')
2026-05-09 15:49:43,869 - INFO - Locating the element:('id', 'login-button')
2026-05-09 15:49:43,869 - INFO - Locating the element:('id', 'login-button')
2026-05-09 15:49:44,191 - INFO - checking logged in status
2026-05-09 15:49:44,232 - INFO - login sussfully invemtory page opened
2026-05-09 15:49:46,630 - INFO - Closing the browser
2026-05-09 15:49:46,630 - INFO - Ending Test
2026-05-09 15:49:46,630 - INFO - ============================================
2026-05-09 15:49:46,631 - INFO - =======================================
2026-05-09 15:49:46,631 - INFO - Starting test
2026-05-09 15:49:46,632 - INFO - Reading Configuration
2026-05-09 15:49:46,632 - INFO - Browser from config : edge
2026-05-09 15:49:46,632 - INFO - Browser From Config : https://www.saucedemo.com/
2026-05-09 15:49:46,632 - INFO - headless : false
2026-05-09 15:49:48,913 - INFO - Open Browser: edge
2026-05-09 15:49:49,672 - INFO - URL Loaded : https://www.saucedemo.com/
2026-05-09 15:49:49,673 - INFO - Login Page opened
2026-05-09 15:49:49,673 - INFO - Trying to ligin with data : locked_out_user, secret_sauce
2026-05-09 15:49:49,673 - INFO - Trying to login with locked_out_user , secret_sauce
2026-05-09 15:49:49,673 - INFO - typing the element:('id', 'user-name')
2026-05-09 15:49:49,673 - INFO - Locating the element:('id', 'user-name')
2026-05-09 15:49:49,919 - INFO - typing the element:('id', 'password')
2026-05-09 15:49:49,919 - INFO - Locating the element:('id', 'password')
2026-05-09 15:49:50,413 - INFO - Locating the element:('id', 'login-button')
2026-05-09 15:49:50,413 - INFO - Locating the element:('id', 'login-button')
2026-05-09 15:49:50,539 - INFO - checking logged in status
2026-05-09 15:49:50,544 - INFO - Getting the element:('css selector', 'div h3')
2026-05-09 15:49:50,544 - INFO - Locating the element:('css selector', 'div h3')
2026-05-09 15:49:52,998 - INFO - Closing the browser
2026-05-09 15:49:52,998 - INFO - Ending Test
2026-05-09 15:49:52,999 - INFO - ============================================
2026-05-09 15:49:53,000 - INFO - =======================================
2026-05-09 15:49:53,000 - INFO - Starting test
2026-05-09 15:49:53,000 - INFO - Reading Configuration
2026-05-09 15:49:53,000 - INFO - Browser from config : edge
2026-05-09 15:49:53,000 - INFO - Browser From Config : https://www.saucedemo.com/
2026-05-09 15:49:53,001 - INFO - headless : false
2026-05-09 15:49:54,620 - INFO - Open Browser: edge
2026-05-09 15:49:55,722 - INFO - URL Loaded : https://www.saucedemo.com/
2026-05-09 15:49:55,724 - INFO - Login Page opened
2026-05-09 15:49:55,724 - INFO - Trying to ligin with data : wrong_user, wrong_pass
2026-05-09 15:49:55,724 - INFO - Trying to login with wrong_user , wrong_pass
2026-05-09 15:49:55,724 - INFO - typing the element:('id', 'user-name')
2026-05-09 15:49:55,724 - INFO - Locating the element:('id', 'user-name')
2026-05-09 15:49:56,092 - INFO - typing the element:('id', 'password')
2026-05-09 15:49:56,092 - INFO - Locating the element:('id', 'password')
2026-05-09 15:49:56,268 - INFO - Locating the element:('id', 'login-button')
2026-05-09 15:49:56,268 - INFO - Locating the element:('id', 'login-button')
2026-05-09 15:49:56,403 - INFO - checking logged in status
2026-05-09 15:49:56,407 - INFO - Getting the element:('css selector', 'div h3')
2026-05-09 15:49:56,407 - INFO - Locating the element:('css selector', 'div h3')
2026-05-09 15:49:56,440 - INFO - log in failed inventory page not loaded
2026-05-09 15:49:56,440 - INFO - Getting the element:('css selector', 'div h3')
2026-05-09 15:49:56,440 - INFO - Locating the element:('css selector', 'div h3')
2026-05-09 15:49:58,851 - INFO - Closing the browser
2026-05-09 15:49:58,851 - INFO - Ending Test
2026-05-09 15:49:58,851 - INFO - ============================================
2026-05-09 15:49:58,853 - INFO - =======================================
2026-05-09 15:49:58,853 - INFO - Starting test
2026-05-09 15:49:58,853 - INFO - Reading Configuration
2026-05-09 15:49:58,853 - INFO - Browser from config : edge
2026-05-09 15:49:58,853 - INFO - Browser From Config : https://www.saucedemo.com/
2026-05-09 15:49:58,854 - INFO - headless : false
2026-05-09 15:50:00,457 - INFO - Open Browser: edge
2026-05-09 15:50:01,318 - INFO - URL Loaded : https://www.saucedemo.com/
2026-05-09 15:50:01,319 - INFO - Trying to login with standard_user , secret_sauce
2026-05-09 15:50:01,319 - INFO - typing the element:('id', 'user-name')
2026-05-09 15:50:01,319 - INFO - Locating the element:('id', 'user-name')
2026-05-09 15:50:01,626 - INFO - typing the element:('id', 'password')
2026-05-09 15:50:01,626 - INFO - Locating the element:('id', 'password')
2026-05-09 15:50:01,759 - INFO - Locating the element:('id', 'login-button')
2026-05-09 15:50:01,759 - INFO - Locating the element:('id', 'login-button')
2026-05-09 15:50:01,919 - INFO - Getting product name
2026-05-09 15:50:04,472 - INFO - Closing the browser
2026-05-09 15:50:04,472 - INFO - Ending Test
2026-05-09 15:50:04,472 - INFO - ============================================
2026-05-09 15:50:04,474 - INFO - =======================================
2026-05-09 15:50:04,474 - INFO - Starting test
2026-05-09 15:50:04,474 - INFO - Reading Configuration
2026-05-09 15:50:04,474 - INFO - Browser from config : edge
2026-05-09 15:50:04,474 - INFO - Browser From Config : https://www.saucedemo.com/
2026-05-09 15:50:04,474 - INFO - headless : false
2026-05-09 15:50:06,068 - INFO - Open Browser: edge
2026-05-09 15:50:06,866 - INFO - URL Loaded : https://www.saucedemo.com/
2026-05-09 15:50:06,867 - INFO - Trying to login with standard_user , secret_sauce
2026-05-09 15:50:06,867 - INFO - typing the element:('id', 'user-name')
2026-05-09 15:50:06,867 - INFO - Locating the element:('id', 'user-name')
2026-05-09 15:50:07,352 - INFO - typing the element:('id', 'password')
2026-05-09 15:50:07,352 - INFO - Locating the element:('id', 'password')
2026-05-09 15:50:07,537 - INFO - Locating the element:('id', 'login-button')
2026-05-09 15:50:07,537 - INFO - Locating the element:('id', 'login-button')
2026-05-09 15:50:07,760 - INFO - Getting product name
2026-05-09 15:50:10,131 - INFO - Closing the browser
2026-05-09 15:50:10,131 - INFO - Ending Test
2026-05-09 15:50:10,131 - INFO - ============================================
2026-05-09 15:50:10,133 - INFO - =======================================
2026-05-09 15:50:10,133 - INFO - Starting test
2026-05-09 15:50:10,133 - INFO - Reading Configuration
2026-05-09 15:50:10,133 - INFO - Browser from config : edge
2026-05-09 15:50:10,133 - INFO - Browser From Config : https://www.saucedemo.com/
2026-05-09 15:50:10,134 - INFO - headless : false
2026-05-09 15:50:11,915 - INFO - Open Browser: edge
2026-05-09 15:50:12,240 - INFO - URL Loaded : https://www.saucedemo.com/
2026-05-09 15:50:12,241 - INFO - Trying to login with standard_user , secret_sauce
2026-05-09 15:50:12,241 - INFO - typing the element:('id', 'user-name')
2026-05-09 15:50:12,241 - INFO - Locating the element:('id', 'user-name')
2026-05-09 15:50:12,873 - INFO - typing the element:('id', 'password')
2026-05-09 15:50:12,873 - INFO - Locating the element:('id', 'password')
2026-05-09 15:50:13,180 - INFO - Locating the element:('id', 'login-button')
2026-05-09 15:50:13,180 - INFO - Locating the element:('id', 'login-button')
2026-05-09 15:50:13,365 - INFO - Go Menu and logout
2026-05-09 15:50:13,365 - INFO - Locating the element:('id', 'react-burger-menu-btn')
2026-05-09 15:50:13,365 - INFO - Locating the element:('id', 'react-burger-menu-btn')
2026-05-09 15:50:13,449 - INFO - Locating the element:('id', 'logout_sidebar_link')
2026-05-09 15:50:13,449 - INFO - Locating the element:('id', 'logout_sidebar_link')
2026-05-09 15:50:16,305 - INFO - Closing the browser
2026-05-09 15:50:16,306 - INFO - Ending Test
2026-05-09 15:50:16,306 - INFO - ============================================
2026-05-09 15:51:58,582 - INFO - =======================================
2026-05-09 15:51:58,583 - INFO - Starting test
2026-05-09 15:51:58,583 - INFO - Reading Configuration
2026-05-09 15:51:58,583 - INFO - Browser from config : edge
2026-05-09 15:51:58,583 - INFO - Browser From Config : https://www.saucedemo.com/
2026-05-09 15:51:58,583 - INFO - headless : false
2026-05-09 15:52:00,332 - INFO - Open Browser: edge
2026-05-09 15:52:01,468 - INFO - URL Loaded : https://www.saucedemo.com/
2026-05-09 15:52:01,469 - INFO - Login Page opened
2026-05-09 15:52:01,469 - INFO - Trying to ligin with data : standard_user, secret_sauce
2026-05-09 15:52:01,469 - INFO - Trying to login with standard_user , secret_sauce
2026-05-09 15:52:01,469 - INFO - typing the element:('id', 'user-name')
2026-05-09 15:52:01,470 - INFO - Locating the element:('id', 'user-name')
2026-05-09 15:52:02,088 - INFO - typing the element:('id', 'password')
2026-05-09 15:52:02,112 - INFO - Locating the element:('id', 'password')
2026-05-09 15:52:02,211 - INFO - Locating the element:('id', 'login-button')
2026-05-09 15:52:02,211 - INFO - Locating the element:('id', 'login-button')
2026-05-09 15:52:02,361 - INFO - checking logged in status
2026-05-09 15:52:02,373 - INFO - login sussfully invemtory page opened
2026-05-09 15:52:04,664 - INFO - Closing the browser
2026-05-09 15:52:04,664 - INFO - Ending Test
2026-05-09 15:52:04,664 - INFO - ============================================
2026-05-09 15:52:04,665 - INFO - =======================================
2026-05-09 15:52:04,665 - INFO - Starting test
2026-05-09 15:52:04,666 - INFO - Reading Configuration
2026-05-09 15:52:04,666 - INFO - Browser from config : edge
2026-05-09 15:52:04,666 - INFO - Browser From Config : https://www.saucedemo.com/
2026-05-09 15:52:04,666 - INFO - headless : false
2026-05-09 15:52:06,258 - INFO - Open Browser: edge
2026-05-09 15:52:07,118 - INFO - URL Loaded : https://www.saucedemo.com/
2026-05-09 15:52:07,119 - INFO - Login Page opened
2026-05-09 15:52:07,119 - INFO - Trying to ligin with data : locked_out_user, secret_sauce
2026-05-09 15:52:07,119 - INFO - Trying to login with locked_out_user , secret_sauce
2026-05-09 15:52:07,119 - INFO - typing the element:('id', 'user-name')
2026-05-09 15:52:07,119 - INFO - Locating the element:('id', 'user-name')
2026-05-09 15:52:07,553 - INFO - typing the element:('id', 'password')
2026-05-09 15:52:07,553 - INFO - Locating the element:('id', 'password')
2026-05-09 15:52:07,791 - INFO - Locating the element:('id', 'login-button')
2026-05-09 15:52:07,791 - INFO - Locating the element:('id', 'login-button')
2026-05-09 15:52:07,918 - INFO - checking logged in status
2026-05-09 15:52:07,923 - INFO - log in failed inventory page not loaded
2026-05-09 15:52:07,923 - INFO - Getting the element:('css selector', 'div h3')
2026-05-09 15:52:07,923 - INFO - Locating the element:('css selector', 'div h3')
2026-05-09 15:52:10,375 - INFO - Closing the browser
2026-05-09 15:52:10,375 - INFO - Ending Test
2026-05-09 15:52:10,375 - INFO - ============================================
2026-05-09 15:52:10,376 - INFO - =======================================
2026-05-09 15:52:10,376 - INFO - Starting test
2026-05-09 15:52:10,376 - INFO - Reading Configuration
2026-05-09 15:52:10,376 - INFO - Browser from config : edge
2026-05-09 15:52:10,377 - INFO - Browser From Config : https://www.saucedemo.com/
2026-05-09 15:52:10,377 - INFO - headless : false
2026-05-09 15:52:12,011 - INFO - Open Browser: edge
2026-05-09 15:52:12,993 - INFO - URL Loaded : https://www.saucedemo.com/
2026-05-09 15:52:12,995 - INFO - Login Page opened
2026-05-09 15:52:12,995 - INFO - Trying to ligin with data : wrong_user, wrong_pass
2026-05-09 15:52:12,995 - INFO - Trying to login with wrong_user , wrong_pass
2026-05-09 15:52:12,995 - INFO - typing the element:('id', 'user-name')
2026-05-09 15:52:12,995 - INFO - Locating the element:('id', 'user-name')
2026-05-09 15:52:13,450 - INFO - typing the element:('id', 'password')
2026-05-09 15:52:13,450 - INFO - Locating the element:('id', 'password')
2026-05-09 15:52:13,677 - INFO - Locating the element:('id', 'login-button')
2026-05-09 15:52:13,677 - INFO - Locating the element:('id', 'login-button')
2026-05-09 15:52:13,792 - INFO - checking logged in status
2026-05-09 15:52:13,797 - INFO - log in failed inventory page not loaded
2026-05-09 15:52:13,797 - INFO - Getting the element:('css selector', 'div h3')
2026-05-09 15:52:13,797 - INFO - Locating the element:('css selector', 'div h3')
2026-05-09 15:52:16,067 - INFO - Closing the browser
2026-05-09 15:52:16,067 - INFO - Ending Test
2026-05-09 15:52:16,067 - INFO - ============================================
2026-05-09 15:52:16,069 - INFO - =======================================
2026-05-09 15:52:16,069 - INFO - Starting test
2026-05-09 15:52:16,069 - INFO - Reading Configuration
2026-05-09 15:52:16,069 - INFO - Browser from config : edge
2026-05-09 15:52:16,069 - INFO - Browser From Config : https://www.saucedemo.com/
2026-05-09 15:52:16,069 - INFO - headless : false
2026-05-09 15:52:17,660 - INFO - Open Browser: edge
2026-05-09 15:52:18,029 - INFO - URL Loaded : https://www.saucedemo.com/
2026-05-09 15:52:18,069 - INFO - Trying to login with standard_user , secret_sauce
2026-05-09 15:52:18,069 - INFO - typing the element:('id', 'user-name')
2026-05-09 15:52:18,070 - INFO - Locating the element:('id', 'user-name')
2026-05-09 15:52:18,790 - INFO - typing the element:('id', 'password')
2026-05-09 15:52:18,790 - INFO - Locating the element:('id', 'password')
2026-05-09 15:52:19,015 - INFO - Locating the element:('id', 'login-button')
2026-05-09 15:52:19,016 - INFO - Locating the element:('id', 'login-button')
2026-05-09 15:52:19,230 - INFO - Getting product name
2026-05-09 15:52:21,604 - INFO - Closing the browser
2026-05-09 15:52:21,605 - INFO - Ending Test
2026-05-09 15:52:21,605 - INFO - ============================================
2026-05-09 15:52:21,606 - INFO - =======================================
2026-05-09 15:52:21,606 - INFO - Starting test
2026-05-09 15:52:21,606 - INFO - Reading Configuration
2026-05-09 15:52:21,606 - INFO - Browser from config : edge
2026-05-09 15:52:21,606 - INFO - Browser From Config : https://www.saucedemo.com/
2026-05-09 15:52:21,607 - INFO - headless : false
2026-05-09 15:52:23,224 - INFO - Open Browser: edge
2026-05-09 15:52:24,356 - INFO - URL Loaded : https://www.saucedemo.com/
2026-05-09 15:52:24,358 - INFO - Trying to login with standard_user , secret_sauce
2026-05-09 15:52:24,358 - INFO - typing the element:('id', 'user-name')
2026-05-09 15:52:24,358 - INFO - Locating the element:('id', 'user-name')
2026-05-09 15:52:25,110 - INFO - typing the element:('id', 'password')
2026-05-09 15:52:25,110 - INFO - Locating the element:('id', 'password')
2026-05-09 15:52:25,330 - INFO - Locating the element:('id', 'login-button')
2026-05-09 15:52:25,330 - INFO - Locating the element:('id', 'login-button')
2026-05-09 15:52:25,490 - INFO - Getting product name
2026-05-09 15:52:26,098 - INFO - Closing the browser
2026-05-09 15:52:26,099 - INFO - Ending Test
2026-05-09 15:52:26,099 - INFO - ============================================
2026-05-09 15:52:26,101 - INFO - =======================================
2026-05-09 15:52:26,101 - INFO - Starting test
2026-05-09 15:52:26,101 - INFO - Reading Configuration
2026-05-09 15:52:26,101 - INFO - Browser from config : edge
2026-05-09 15:52:26,102 - INFO - Browser From Config : https://www.saucedemo.com/
2026-05-09 15:52:26,102 - INFO - headless : false
2026-05-09 15:52:28,366 - INFO - Open Browser: edge
2026-05-09 15:52:29,018 - INFO - URL Loaded : https://www.saucedemo.com/
2026-05-09 15:52:29,019 - INFO - Trying to login with standard_user , secret_sauce
2026-05-09 15:52:29,019 - INFO - typing the element:('id', 'user-name')
2026-05-09 15:52:29,019 - INFO - Locating the element:('id', 'user-name')
2026-05-09 15:52:29,923 - INFO - typing the element:('id', 'password')
2026-05-09 15:52:29,923 - INFO - Locating the element:('id', 'password')
2026-05-09 15:52:30,772 - INFO - Locating the element:('id', 'login-button')
2026-05-09 15:52:30,772 - INFO - Locating the element:('id', 'login-button')
2026-05-09 15:52:31,558 - INFO - Go Menu and logout
2026-05-09 15:52:31,559 - INFO - Locating the element:('id', 'react-burger-menu-btn')
2026-05-09 15:52:31,559 - INFO - Locating the element:('id', 'react-burger-menu-btn')
2026-05-09 15:52:32,242 - INFO - Locating the element:('id', 'logout_sidebar_link')
2026-05-09 15:52:32,242 - INFO - Locating the element:('id', 'logout_sidebar_link')
2026-05-09 15:52:36,435 - INFO - Closing the browser
2026-05-09 15:52:36,435 - INFO - Ending Test
2026-05-09 15:52:36,435 - INFO - ============================================
2026-05-09 15:53:15,469 - INFO - =======================================
2026-05-09 15:53:15,469 - INFO - Starting test
2026-05-09 15:53:15,470 - INFO - Reading Configuration
2026-05-09 15:53:15,470 - INFO - Browser from config : edge
2026-05-09 15:53:15,470 - INFO - Browser From Config : https://www.saucedemo.com/
2026-05-09 15:53:15,470 - INFO - headless : false
2026-05-09 15:53:17,207 - INFO - Open Browser: edge
2026-05-09 15:53:18,487 - INFO - URL Loaded : https://www.saucedemo.com/
2026-05-09 15:53:18,488 - INFO - Login Page opened
2026-05-09 15:53:18,488 - INFO - Trying to ligin with data : standard_user, secret_sauce
2026-05-09 15:53:18,488 - INFO - Trying to login with standard_user , secret_sauce
2026-05-09 15:53:18,488 - INFO - typing the element:('id', 'user-name')
2026-05-09 15:53:18,488 - INFO - Locating the element:('id', 'user-name')
2026-05-09 15:53:19,050 - INFO - typing the element:('id', 'password')
2026-05-09 15:53:19,050 - INFO - Locating the element:('id', 'password')
2026-05-09 15:53:19,490 - INFO - Locating the element:('id', 'login-button')
2026-05-09 15:53:19,490 - INFO - Locating the element:('id', 'login-button')
2026-05-09 15:53:19,746 - INFO - checking logged in status
2026-05-09 15:53:19,754 - INFO - login sussfully invemtory page opened
2026-05-09 15:53:22,483 - INFO - Closing the browser
2026-05-09 15:53:22,484 - INFO - Ending Test
2026-05-09 15:53:22,484 - INFO - ============================================
2026-05-09 15:53:22,485 - INFO - =======================================
2026-05-09 15:53:22,485 - INFO - Starting test
2026-05-09 15:53:22,485 - INFO - Reading Configuration
2026-05-09 15:53:22,485 - INFO - Browser from config : edge
2026-05-09 15:53:22,486 - INFO - Browser From Config : https://www.saucedemo.com/
2026-05-09 15:53:22,486 - INFO - headless : false
2026-05-09 15:53:24,251 - INFO - Open Browser: edge
2026-05-09 15:53:25,137 - INFO - URL Loaded : https://www.saucedemo.com/
2026-05-09 15:53:25,139 - INFO - Login Page opened
2026-05-09 15:53:25,139 - INFO - Trying to ligin with data : locked_out_user, secret_sauce
2026-05-09 15:53:25,139 - INFO - Trying to login with locked_out_user , secret_sauce
2026-05-09 15:53:25,139 - INFO - typing the element:('id', 'user-name')
2026-05-09 15:53:25,139 - INFO - Locating the element:('id', 'user-name')
2026-05-09 15:53:25,624 - INFO - typing the element:('id', 'password')
2026-05-09 15:53:25,625 - INFO - Locating the element:('id', 'password')
2026-05-09 15:53:25,797 - INFO - Locating the element:('id', 'login-button')
2026-05-09 15:53:25,797 - INFO - Locating the element:('id', 'login-button')
2026-05-09 15:53:25,888 - INFO - checking logged in status
2026-05-09 15:53:25,892 - ERROR - log in failed inventory page not loaded
2026-05-09 15:53:25,892 - INFO - Getting the element:('css selector', 'div h3')
2026-05-09 15:53:25,892 - INFO - Locating the element:('css selector', 'div h3')
2026-05-09 15:53:28,167 - INFO - Closing the browser
2026-05-09 15:53:28,167 - INFO - Ending Test
2026-05-09 15:53:28,167 - INFO - ============================================
2026-05-09 15:53:28,169 - INFO - =======================================
2026-05-09 15:53:28,169 - INFO - Starting test
2026-05-09 15:53:28,169 - INFO - Reading Configuration
2026-05-09 15:53:28,169 - INFO - Browser from config : edge
2026-05-09 15:53:28,169 - INFO - Browser From Config : https://www.saucedemo.com/
2026-05-09 15:53:28,170 - INFO - headless : false
2026-05-09 15:53:29,921 - INFO - Open Browser: edge
2026-05-09 15:53:30,802 - INFO - URL Loaded : https://www.saucedemo.com/
2026-05-09 15:53:30,803 - INFO - Login Page opened
2026-05-09 15:53:30,803 - INFO - Trying to ligin with data : wrong_user, wrong_pass
2026-05-09 15:53:30,803 - INFO - Trying to login with wrong_user , wrong_pass
2026-05-09 15:53:30,804 - INFO - typing the element:('id', 'user-name')
2026-05-09 15:53:30,804 - INFO - Locating the element:('id', 'user-name')
2026-05-09 15:53:31,393 - INFO - typing the element:('id', 'password')
2026-05-09 15:53:31,393 - INFO - Locating the element:('id', 'password')
2026-05-09 15:53:31,550 - INFO - Locating the element:('id', 'login-button')
2026-05-09 15:53:31,550 - INFO - Locating the element:('id', 'login-button')
2026-05-09 15:53:31,641 - INFO - checking logged in status
2026-05-09 15:53:31,645 - ERROR - log in failed inventory page not loaded
2026-05-09 15:53:31,646 - INFO - Getting the element:('css selector', 'div h3')
2026-05-09 15:53:31,646 - INFO - Locating the element:('css selector', 'div h3')
2026-05-09 15:53:33,956 - INFO - Closing the browser
2026-05-09 15:53:33,957 - INFO - Ending Test
2026-05-09 15:53:33,957 - INFO - ============================================
2026-05-09 15:53:33,958 - INFO - =======================================
2026-05-09 15:53:33,958 - INFO - Starting test
2026-05-09 15:53:33,958 - INFO - Reading Configuration
2026-05-09 15:53:33,958 - INFO - Browser from config : edge
2026-05-09 15:53:33,959 - INFO - Browser From Config : https://www.saucedemo.com/
2026-05-09 15:53:33,959 - INFO - headless : false
2026-05-09 15:53:36,042 - INFO - Open Browser: edge
2026-05-09 15:53:36,891 - INFO - URL Loaded : https://www.saucedemo.com/
2026-05-09 15:53:36,892 - INFO - Trying to login with standard_user , secret_sauce
2026-05-09 15:53:36,892 - INFO - typing the element:('id', 'user-name')
2026-05-09 15:53:36,892 - INFO - Locating the element:('id', 'user-name')
2026-05-09 15:53:37,309 - INFO - typing the element:('id', 'password')
2026-05-09 15:53:37,310 - INFO - Locating the element:('id', 'password')
2026-05-09 15:53:37,766 - INFO - Locating the element:('id', 'login-button')
2026-05-09 15:53:37,766 - INFO - Locating the element:('id', 'login-button')
2026-05-09 15:53:37,929 - INFO - Getting product name
2026-05-09 15:53:40,228 - INFO - Closing the browser
2026-05-09 15:53:40,228 - INFO - Ending Test
2026-05-09 15:53:40,228 - INFO - ============================================
2026-05-09 15:53:40,229 - INFO - =======================================
2026-05-09 15:53:40,230 - INFO - Starting test
2026-05-09 15:53:40,230 - INFO - Reading Configuration
2026-05-09 15:53:40,230 - INFO - Browser from config : edge
2026-05-09 15:53:40,230 - INFO - Browser From Config : https://www.saucedemo.com/
2026-05-09 15:53:40,230 - INFO - headless : false
2026-05-09 15:53:41,789 - INFO - Open Browser: edge
2026-05-09 15:53:42,652 - INFO - URL Loaded : https://www.saucedemo.com/
2026-05-09 15:53:42,653 - INFO - Trying to login with standard_user , secret_sauce
2026-05-09 15:53:42,653 - INFO - typing the element:('id', 'user-name')
2026-05-09 15:53:42,653 - INFO - Locating the element:('id', 'user-name')
2026-05-09 15:53:43,106 - INFO - typing the element:('id', 'password')
2026-05-09 15:53:43,106 - INFO - Locating the element:('id', 'password')
2026-05-09 15:53:43,356 - INFO - Locating the element:('id', 'login-button')
2026-05-09 15:53:43,356 - INFO - Locating the element:('id', 'login-button')
2026-05-09 15:53:43,525 - INFO - Getting product name
2026-05-09 15:53:45,913 - INFO - Closing the browser
2026-05-09 15:53:45,914 - INFO - Ending Test
2026-05-09 15:53:45,914 - INFO - ============================================
2026-05-09 15:53:45,915 - INFO - =======================================
2026-05-09 15:53:45,915 - INFO - Starting test
2026-05-09 15:53:45,915 - INFO - Reading Configuration
2026-05-09 15:53:45,915 - INFO - Browser from config : edge
2026-05-09 15:53:45,915 - INFO - Browser From Config : https://www.saucedemo.com/
2026-05-09 15:53:45,916 - INFO - headless : false
2026-05-09 15:53:47,659 - INFO - Open Browser: edge
2026-05-09 15:53:48,243 - INFO - URL Loaded : https://www.saucedemo.com/
2026-05-09 15:53:48,244 - INFO - Trying to login with standard_user , secret_sauce
2026-05-09 15:53:48,244 - INFO - typing the element:('id', 'user-name')
2026-05-09 15:53:48,245 - INFO - Locating the element:('id', 'user-name')
2026-05-09 15:53:48,571 - INFO - typing the element:('id', 'password')
2026-05-09 15:53:48,571 - INFO - Locating the element:('id', 'password')
2026-05-09 15:53:48,931 - INFO - Locating the element:('id', 'login-button')
2026-05-09 15:53:48,931 - INFO - Locating the element:('id', 'login-button')
2026-05-09 15:53:49,149 - INFO - Go Menu and logout
2026-05-09 15:53:49,150 - INFO - Locating the element:('id', 'react-burger-menu-btn')
2026-05-09 15:53:49,150 - INFO - Locating the element:('id', 'react-burger-menu-btn')
2026-05-09 15:53:49,357 - INFO - Locating the element:('id', 'logout_sidebar_link')
2026-05-09 15:53:49,358 - INFO - Locating the element:('id', 'logout_sidebar_link')
2026-05-09 15:53:52,220 - INFO - Closing the browser
2026-05-09 15:53:52,220 - INFO - Ending Test
2026-05-09 15:53:52,221 - INFO - ============================================
2026-05-09 15:57:12,039 - INFO - =======================================
2026-05-09 15:57:12,040 - INFO - Starting test
2026-05-09 15:57:12,040 - INFO - Reading Configuration
2026-05-09 15:57:12,040 - INFO - Browser from config : edge
2026-05-09 15:57:12,040 - INFO - Browser From Config : https://www.saucedemo.com/
2026-05-09 15:57:12,040 - INFO - headless : false
2026-05-09 15:57:13,241 - INFO - Open Browser: edge
2026-05-09 15:57:14,119 - INFO - URL Loaded : https://www.saucedemo.com/
2026-05-09 15:57:14,120 - INFO - Login Page opened
2026-05-09 15:57:14,120 - INFO - Trying to ligin with data : standard_user, secret_sauce
2026-05-09 15:57:14,121 - INFO - Trying to login with standard_user , secret_sauce
2026-05-09 15:57:14,121 - INFO - typing the element:('id', 'user-name')
2026-05-09 15:57:14,121 - INFO - Locating the element:('id', 'user-name')
2026-05-09 15:57:14,464 - INFO - typing the element:('id', 'password')
2026-05-09 15:57:14,464 - INFO - Locating the element:('id', 'password')
2026-05-09 15:57:14,807 - INFO - Locating the element:('id', 'login-button')
2026-05-09 15:57:14,807 - INFO - Locating the element:('id', 'login-button')
2026-05-09 15:57:15,062 - INFO - checking logged in status
2026-05-09 15:57:15,069 - INFO - login sussfully invemtory page opened
2026-05-09 15:57:17,415 - INFO - Closing the browser
2026-05-09 15:57:17,416 - INFO - Ending Test
2026-05-09 15:57:17,416 - INFO - ============================================
2026-05-09 15:57:17,417 - INFO - =======================================
2026-05-09 15:57:17,417 - INFO - Starting test
2026-05-09 15:57:17,417 - INFO - Reading Configuration
2026-05-09 15:57:17,417 - INFO - Browser from config : edge
2026-05-09 15:57:17,418 - INFO - Browser From Config : https://www.saucedemo.com/
2026-05-09 15:57:17,418 - INFO - headless : false
2026-05-09 15:57:18,991 - INFO - Open Browser: edge
2026-05-09 15:57:19,977 - INFO - URL Loaded : https://www.saucedemo.com/
2026-05-09 15:57:19,979 - INFO - Login Page opened
2026-05-09 15:57:19,979 - INFO - Trying to ligin with data : locked_out_user, secret_sauce
2026-05-09 15:57:19,979 - INFO - Trying to login with locked_out_user , secret_sauce
2026-05-09 15:57:19,979 - INFO - typing the element:('id', 'user-name')
2026-05-09 15:57:19,979 - INFO - Locating the element:('id', 'user-name')
2026-05-09 15:57:20,217 - INFO - typing the element:('id', 'password')
2026-05-09 15:57:20,217 - INFO - Locating the element:('id', 'password')
2026-05-09 15:57:20,550 - INFO - Locating the element:('id', 'login-button')
2026-05-09 15:57:20,551 - INFO - Locating the element:('id', 'login-button')
2026-05-09 15:57:20,663 - INFO - checking logged in status
2026-05-09 15:57:20,668 - ERROR - log in failed inventory page not loaded
2026-05-09 15:57:20,668 - INFO - Getting the element:('css selector', 'div h3')
2026-05-09 15:57:20,668 - INFO - Locating the element:('css selector', 'div h3')
2026-05-09 15:57:22,940 - INFO - Closing the browser
2026-05-09 15:57:22,941 - INFO - Ending Test
2026-05-09 15:57:22,941 - INFO - ============================================
2026-05-09 15:57:22,942 - INFO - =======================================
2026-05-09 15:57:22,942 - INFO - Starting test
2026-05-09 15:57:22,942 - INFO - Reading Configuration
2026-05-09 15:57:22,942 - INFO - Browser from config : edge
2026-05-09 15:57:22,942 - INFO - Browser From Config : https://www.saucedemo.com/
2026-05-09 15:57:22,943 - INFO - headless : false
2026-05-09 15:57:24,509 - INFO - Open Browser: edge
2026-05-09 15:57:25,275 - INFO - URL Loaded : https://www.saucedemo.com/
2026-05-09 15:57:25,276 - INFO - Login Page opened
2026-05-09 15:57:25,276 - INFO - Trying to ligin with data : wrong_user, wrong_pass
2026-05-09 15:57:25,276 - INFO - Trying to login with wrong_user , wrong_pass
2026-05-09 15:57:25,276 - INFO - typing the element:('id', 'user-name')
2026-05-09 15:57:25,276 - INFO - Locating the element:('id', 'user-name')
2026-05-09 15:57:25,531 - INFO - typing the element:('id', 'password')
2026-05-09 15:57:25,531 - INFO - Locating the element:('id', 'password')
2026-05-09 15:57:25,834 - INFO - Locating the element:('id', 'login-button')
2026-05-09 15:57:25,834 - INFO - Locating the element:('id', 'login-button')
2026-05-09 15:57:26,050 - INFO - checking logged in status
2026-05-09 15:57:26,055 - ERROR - log in failed inventory page not loaded
2026-05-09 15:57:26,055 - INFO - Getting the element:('css selector', 'div h3')
2026-05-09 15:57:26,055 - INFO - Locating the element:('css selector', 'div h3')
2026-05-09 15:57:28,342 - INFO - Closing the browser
2026-05-09 15:57:28,342 - INFO - Ending Test
2026-05-09 15:57:28,342 - INFO - ============================================
2026-05-09 15:57:28,343 - INFO - =======================================
2026-05-09 15:57:28,343 - INFO - Starting test
2026-05-09 15:57:28,343 - INFO - Reading Configuration
2026-05-09 15:57:28,344 - INFO - Browser from config : edge
2026-05-09 15:57:28,344 - INFO - Browser From Config : https://www.saucedemo.com/
2026-05-09 15:57:28,344 - INFO - headless : false
2026-05-09 15:57:30,057 - INFO - Open Browser: edge
2026-05-09 15:57:30,602 - INFO - URL Loaded : https://www.saucedemo.com/
2026-05-09 15:57:30,603 - INFO - Trying to login with standard_user , secret_sauce
2026-05-09 15:57:30,603 - INFO - typing the element:('id', 'user-name')
2026-05-09 15:57:30,603 - INFO - Locating the element:('id', 'user-name')
2026-05-09 15:57:31,158 - INFO - typing the element:('id', 'password')
2026-05-09 15:57:31,159 - INFO - Locating the element:('id', 'password')
2026-05-09 15:57:31,300 - INFO - Locating the element:('id', 'login-button')
2026-05-09 15:57:31,300 - INFO - Locating the element:('id', 'login-button')
2026-05-09 15:57:31,561 - INFO - Getting product name
2026-05-09 15:57:33,996 - INFO - Closing the browser
2026-05-09 15:57:33,996 - INFO - Ending Test
2026-05-09 15:57:33,997 - INFO - ============================================
2026-05-09 15:57:33,998 - INFO - =======================================
2026-05-09 15:57:33,998 - INFO - Starting test
2026-05-09 15:57:33,998 - INFO - Reading Configuration
2026-05-09 15:57:33,998 - INFO - Browser from config : edge
2026-05-09 15:57:33,998 - INFO - Browser From Config : https://www.saucedemo.com/
2026-05-09 15:57:33,999 - INFO - headless : false
2026-05-09 15:57:35,656 - INFO - Open Browser: edge
2026-05-09 15:57:36,330 - INFO - URL Loaded : https://www.saucedemo.com/
2026-05-09 15:57:36,331 - INFO - Trying to login with standard_user , secret_sauce
2026-05-09 15:57:36,331 - INFO - typing the element:('id', 'user-name')
2026-05-09 15:57:36,331 - INFO - Locating the element:('id', 'user-name')
2026-05-09 15:57:36,784 - INFO - typing the element:('id', 'password')
2026-05-09 15:57:36,784 - INFO - Locating the element:('id', 'password')
2026-05-09 15:57:37,078 - INFO - Locating the element:('id', 'login-button')
2026-05-09 15:57:37,078 - INFO - Locating the element:('id', 'login-button')
2026-05-09 15:57:37,213 - INFO - Getting product name
2026-05-09 15:57:39,588 - INFO - Closing the browser
2026-05-09 15:57:39,588 - INFO - Ending Test
2026-05-09 15:57:39,588 - INFO - ============================================
2026-05-09 15:57:39,590 - INFO - =======================================
2026-05-09 15:57:39,590 - INFO - Starting test
2026-05-09 15:57:39,590 - INFO - Reading Configuration
2026-05-09 15:57:39,590 - INFO - Browser from config : edge
2026-05-09 15:57:39,590 - INFO - Browser From Config : https://www.saucedemo.com/
2026-05-09 15:57:39,591 - INFO - headless : false
2026-05-09 15:57:41,119 - INFO - Open Browser: edge
2026-05-09 15:57:42,161 - INFO - URL Loaded : https://www.saucedemo.com/
2026-05-09 15:57:42,162 - INFO - Trying to login with standard_user , secret_sauce
2026-05-09 15:57:42,162 - INFO - typing the element:('id', 'user-name')
2026-05-09 15:57:42,162 - INFO - Locating the element:('id', 'user-name')
2026-05-09 15:57:42,413 - INFO - typing the element:('id', 'password')
2026-05-09 15:57:42,413 - INFO - Locating the element:('id', 'password')
2026-05-09 15:57:42,539 - INFO - Locating the element:('id', 'login-button')
2026-05-09 15:57:42,539 - INFO - Locating the element:('id', 'login-button')
2026-05-09 15:57:42,797 - INFO - Go Menu and logout
2026-05-09 15:57:42,797 - INFO - Locating the element:('id', 'react-burger-menu-btn')
2026-05-09 15:57:42,797 - INFO - Locating the element:('id', 'react-burger-menu-btn')
2026-05-09 15:57:43,025 - INFO - Locating the element:('id', 'logout_sidebar_link')
2026-05-09 15:57:43,025 - INFO - Locating the element:('id', 'logout_sidebar_link')
2026-05-09 15:57:45,916 - INFO - Closing the browser
2026-05-09 15:57:45,916 - INFO - Ending Test
2026-05-09 15:57:45,916 - INFO - ============================================
